<?xml version="1.0" encoding="UTF-8"?>
<testsuite name="TestStart" tests="1" skipped="0" failures="0" errors="0" timestamp="2021-11-06T13:24:33" hostname="ASRHQra0010" time="0.002">
  <properties/>
  <testcase name="testOk" classname="TestStart" time="0.002"/>
  <system-out><![CDATA[]]></system-out>
  <system-err><![CDATA[]]></system-err>
</testsuite>
